Watching for file changes with StatReloader
Not Found: /
[25/Apr/2020 12:46:41] "GET / HTTP/1.1" 404 12812
Not Found: /favicon.ico
[25/Apr/2020 12:46:41] "GET /favicon.ico HTTP/1.1" 404 12863
[25/Apr/2020 12:46:48] "GET /auth/register/ HTTP/1.1" 200 4095
[25/Apr/2020 12:56:08] "GET /auth/register/ HTTP/1.1" 200 4095
[25/Apr/2020 13:01:53] "GET /admin/ HTTP/1.1" 200 20569
[25/Apr/2020 13:01:53] "GET /Users/dohyoungkim/Downloads/Reservation-search-app/Reservation-app/ReservationProject/static/admin/fonts/Roboto-Bold-webfont.woff HTTP/1.1" 200 86184
[25/Apr/2020 13:01:53] "GET /Users/dohyoungkim/Downloads/Reservation-search-app/Reservation-app/ReservationProject/static/admin/fonts/Roboto-Light-webfont.woff HTTP/1.1" 200 85692
[25/Apr/2020 13:01:53] "GET /Users/dohyoungkim/Downloads/Reservation-search-app/Reservation-app/ReservationProject/static/admin/fonts/Roboto-Regular-webfont.woff HTTP/1.1" 200 85876
[25/Apr/2020 13:02:01] "GET /admin/SignupApp/myuser/ HTTP/1.1" 200 43601
[25/Apr/2020 13:02:01] "GET /Users/dohyoungkim/Downloads/Reservation-search-app/Reservation-app/ReservationProject/static/admin/js/vendor/jquery/jquery.js HTTP/1.1" 200 271751
[25/Apr/2020 13:02:01] "GET /Users/dohyoungkim/Downloads/Reservation-search-app/Reservation-app/ReservationProject/static/admin/js/vendor/xregexp/xregexp.js HTTP/1.1" 200 128820
[25/Apr/2020 13:02:01] "GET /admin/jsi18n/ HTTP/1.1" 200 3223
Internal Server Error: /auth/register/
Traceback (most recent call last):
  File "/Library/Frameworks/Python.framework/Versions/3.8/lib/python3.8/site-packages/django/utils/datastructures.py", line 78, in __getitem__
    list_ = super().__getitem__(key)
KeyError: 'username'

During handling of the above exception, another exception occurred:

Traceback (most recent call last):
  File "/Library/Frameworks/Python.framework/Versions/3.8/lib/python3.8/site-packages/django/core/handlers/exception.py", line 34, in inner
    response = get_response(request)
  File "/Library/Frameworks/Python.framework/Versions/3.8/lib/python3.8/site-packages/django/core/handlers/base.py", line 115, in _get_response
    response = self.process_exception_by_middleware(e, request)
  File "/Library/Frameworks/Python.framework/Versions/3.8/lib/python3.8/site-packages/django/core/handlers/base.py", line 113, in _get_response
    response = wrapped_callback(request, *callback_args, **callback_kwargs)
  File "/Users/dohyoungkim/Downloads/Reservation-search-app/Reservation-app/ReservationProject/SignupApp/views.py", line 31, in registration
    if MyUser.objects.filter(username=request.GET['username'],password=request.GET['password']).exists():
  File "/Library/Frameworks/Python.framework/Versions/3.8/lib/python3.8/site-packages/django/utils/datastructures.py", line 80, in __getitem__
    raise MultiValueDictKeyError(key)
django.utils.datastructures.MultiValueDictKeyError: 'username'
[25/Apr/2020 13:03:07] "POST /auth/register/ HTTP/1.1" 500 84546
Internal Server Error: /auth/register/
Traceback (most recent call last):
  File "/Library/Frameworks/Python.framework/Versions/3.8/lib/python3.8/site-packages/django/utils/datastructures.py", line 78, in __getitem__
    list_ = super().__getitem__(key)
KeyError: 'username'

During handling of the above exception, another exception occurred:

Traceback (most recent call last):
  File "/Library/Frameworks/Python.framework/Versions/3.8/lib/python3.8/site-packages/django/core/handlers/exception.py", line 34, in inner
    response = get_response(request)
  File "/Library/Frameworks/Python.framework/Versions/3.8/lib/python3.8/site-packages/django/core/handlers/base.py", line 115, in _get_response
    response = self.process_exception_by_middleware(e, request)
  File "/Library/Frameworks/Python.framework/Versions/3.8/lib/python3.8/site-packages/django/core/handlers/base.py", line 113, in _get_response
    response = wrapped_callback(request, *callback_args, **callback_kwargs)
  File "/Users/dohyoungkim/Downloads/Reservation-search-app/Reservation-app/ReservationProject/SignupApp/views.py", line 31, in registration
    if MyUser.objects.filter(username=request.GET['username'],password=request.GET['password']).exists():
  File "/Library/Frameworks/Python.framework/Versions/3.8/lib/python3.8/site-packages/django/utils/datastructures.py", line 80, in __getitem__
    raise MultiValueDictKeyError(key)
django.utils.datastructures.MultiValueDictKeyError: 'username'
[25/Apr/2020 13:03:21] "POST /auth/register/ HTTP/1.1" 500 84548
/Users/dohyoungkim/Downloads/Reservation-search-app/Reservation-app/ReservationProject/SignupApp/views.py changed, reloading.
Performing system checks...

System check identified no issues (0 silenced).
April 25, 2020 - 12:46:26
Django version 2.2.1, using settings 'ReservationProject.settings'
Starting development server at http://0:80/
Quit the server with CONTROL-C.
Watching for file changes with StatReloader
[25/Apr/2020 13:05:27] "GET /auth/register/ HTTP/1.1" 200 4095
[25/Apr/2020 13:06:07] "POST /auth/register/ HTTP/1.1" 302 0
[25/Apr/2020 13:06:07] "GET /auth/registrationSuccess/ HTTP/1.1" 200 687
/Users/dohyoungkim/Downloads/Reservation-search-app/Reservation-app/ReservationProject/SignupApp/views.py changed, reloading.
Performing system checks...

System check identified no issues (0 silenced).
April 25, 2020 - 13:05:21
Django version 2.2.1, using settings 'ReservationProject.settings'
Starting development server at http://0:80/
Quit the server with CONTROL-C.
dhdiagram0425
dhdiagram@gmail.com
k20504003
김
도형
dohyoung
kim
서울특별시 마포구 큰우물로 래미안용강
107동 301호
010-2176-4011
Watching for file changes with StatReloader
[25/Apr/2020 13:06:22] "GET /auth/login/ HTTP/1.1" 200 11355
Not Found: /asian01.jpeg
[25/Apr/2020 13:06:22] "GET /asian01.jpeg HTTP/1.1" 404 12866
[25/Apr/2020 13:06:36] "GET /admin/SignupApp/myuser/ HTTP/1.1" 200 44309
[25/Apr/2020 13:06:36] "GET /admin/jsi18n/ HTTP/1.1" 200 3223
[25/Apr/2020 13:06:41] "GET /auth/loginSuccess/?csrfmiddlewaretoken=zjcNmjRoHZjcUgzOE2Oi2hmLmV4vbODsoYgWdks46WsrH3rpO50sTNHLQjFQBZct&username=dhdiagram0425&password=%E3%85%8F20504003 HTTP/1.1" 200 34
[25/Apr/2020 13:06:46] "GET /auth/loginSuccess/?csrfmiddlewaretoken=zjcNmjRoHZjcUgzOE2Oi2hmLmV4vbODsoYgWdks46WsrH3rpO50sTNHLQjFQBZct&username=dhdiagram0425&password=1111 HTTP/1.1" 200 34
/Users/dohyoungkim/Downloads/Reservation-search-app/Reservation-app/ReservationProject/SignupApp/views.py changed, reloading.
Performing system checks...

System check identified no issues (0 silenced).
April 25, 2020 - 13:06:18
Django version 2.2.1, using settings 'ReservationProject.settings'
Starting development server at http://0:80/
Quit the server with CONTROL-C.
None
None
Watching for file changes with StatReloader
/Users/dohyoungkim/Downloads/Reservation-search-app/Reservation-app/ReservationProject/SignupApp/views.py changed, reloading.
Performing system checks...

System check identified no issues (0 silenced).
April 25, 2020 - 13:07:22
Django version 2.2.1, using settings 'ReservationProject.settings'
Starting development server at http://0:80/
Quit the server with CONTROL-C.
Watching for file changes with StatReloader
/Users/dohyoungkim/Downloads/Reservation-search-app/Reservation-app/ReservationProject/SignupApp/views.py changed, reloading.
Performing system checks...

System check identified no issues (0 silenced).
April 25, 2020 - 13:08:03
Django version 2.2.1, using settings 'ReservationProject.settings'
Starting development server at http://0:80/
Quit the server with CONTROL-C.
Watching for file changes with StatReloader
/Users/dohyoungkim/Downloads/Reservation-search-app/Reservation-app/ReservationProject/SignupApp/views.py changed, reloading.
Performing system checks...

System check identified no issues (0 silenced).
April 25, 2020 - 13:08:34
Django version 2.2.1, using settings 'ReservationProject.settings'
Starting development server at http://0:80/
Quit the server with CONTROL-C.
Watching for file changes with StatReloader
/Users/dohyoungkim/Downloads/Reservation-search-app/Reservation-app/ReservationProject/SignupApp/views.py changed, reloading.
Performing system checks...

System check identified no issues (0 silenced).
April 25, 2020 - 13:09:01
Django version 2.2.1, using settings 'ReservationProject.settings'
Starting development server at http://0:80/
Quit the server with CONTROL-C.
Watching for file changes with StatReloader
/Users/dohyoungkim/Downloads/Reservation-search-app/Reservation-app/ReservationProject/SignupApp/views.py changed, reloading.
Performing system checks...

System check identified no issues (0 silenced).
April 25, 2020 - 13:10:22
Django version 2.2.1, using settings 'ReservationProject.settings'
Starting development server at http://0:80/
Quit the server with CONTROL-C.
Watching for file changes with StatReloader
/Users/dohyoungkim/Downloads/Reservation-search-app/Reservation-app/ReservationProject/SignupApp/views.py changed, reloading.
Performing system checks...

System check identified no issues (0 silenced).
April 25, 2020 - 13:11:01
Django version 2.2.1, using settings 'ReservationProject.settings'
Starting development server at http://0:80/
Quit the server with CONTROL-C.
Watching for file changes with StatReloader
/Users/dohyoungkim/Downloads/Reservation-search-app/Reservation-app/ReservationProject/SignupApp/views.py changed, reloading.
Performing system checks...

System check identified no issues (0 silenced).
April 25, 2020 - 13:11:27
Django version 2.2.1, using settings 'ReservationProject.settings'
Starting development server at http://0:80/
Quit the server with CONTROL-C.
Watching for file changes with StatReloader
/Users/dohyoungkim/Downloads/Reservation-search-app/Reservation-app/ReservationProject/SignupApp/views.py changed, reloading.
Performing system checks...

System check identified no issues (0 silenced).
April 25, 2020 - 13:11:40
Django version 2.2.1, using settings 'ReservationProject.settings'
Starting development server at http://0:80/
Quit the server with CONTROL-C.
Watching for file changes with StatReloader
/Users/dohyoungkim/Downloads/Reservation-search-app/Reservation-app/ReservationProject/SignupApp/views.py changed, reloading.
Performing system checks...

System check identified no issues (0 silenced).
April 25, 2020 - 13:13:09
Django version 2.2.1, using settings 'ReservationProject.settings'
Starting development server at http://0:80/
Quit the server with CONTROL-C.
Watching for file changes with StatReloader
/Users/dohyoungkim/Downloads/Reservation-search-app/Reservation-app/ReservationProject/SignupApp/views.py changed, reloading.
Performing system checks...

System check identified no issues (0 silenced).
April 25, 2020 - 13:13:44
Django version 2.2.1, using settings 'ReservationProject.settings'
Starting development server at http://0:80/
Quit the server with CONTROL-C.
Watching for file changes with StatReloader
/Users/dohyoungkim/Downloads/Reservation-search-app/Reservation-app/ReservationProject/SignupApp/views.py changed, reloading.
Performing system checks...

System check identified no issues (0 silenced).
April 25, 2020 - 13:13:52
Django version 2.2.1, using settings 'ReservationProject.settings'
Starting development server at http://0:80/
Quit the server with CONTROL-C.
Watching for file changes with StatReloader
[25/Apr/2020 13:14:27] "GET /auth/login/ HTTP/1.1" 200 11355
Not Found: /asian01.jpeg
[25/Apr/2020 13:14:27] "GET /asian01.jpeg HTTP/1.1" 404 12866
[25/Apr/2020 13:14:34] "GET /auth/loginSuccess/?csrfmiddlewaretoken=HWO7gG6qDPjcgIFGp2C21qmYnIeOYizbwBSg7HH62Msr3vxhz5OcSWHYR6P9ot8c&username=dhdiagram0425&password=k20504003 HTTP/1.1" 200 34
Watching for file changes with StatReloader
Performing system checks...

System check identified no issues (0 silenced).
May 09, 2020 - 16:57:33
Django version 2.2.1, using settings 'ReservationProject.settings'
Starting development server at http://0:80/
Quit the server with CONTROL-C.
Watching for file changes with StatReloader
[09/May/2020 16:58:04] "GET /admin/ HTTP/1.1" 200 20629
[09/May/2020 16:58:04] "GET /Users/dohyoungkim/Downloads/Reservation-search-app/Reservation-app/ReservationProject/static/debug_toolbar/css/toolbar.css HTTP/1.1" 200 14835
[09/May/2020 16:58:04] "GET /Users/dohyoungkim/Downloads/Reservation-search-app/Reservation-app/ReservationProject/static/admin/css/dashboard.css HTTP/1.1" 304 0
[09/May/2020 16:58:04] "GET /Users/dohyoungkim/Downloads/Reservation-search-app/Reservation-app/ReservationProject/static/admin/css/base.css HTTP/1.1" 200 16378
[09/May/2020 16:58:04] "GET /Users/dohyoungkim/Downloads/Reservation-search-app/Reservation-app/ReservationProject/static/admin/css/responsive.css HTTP/1.1" 200 17944
[09/May/2020 16:58:04] "GET /Users/dohyoungkim/Downloads/Reservation-search-app/Reservation-app/ReservationProject/static/debug_toolbar/img/ajax-loader.gif HTTP/1.1" 304 0
[09/May/2020 16:58:04] "GET /Users/dohyoungkim/Downloads/Reservation-search-app/Reservation-app/ReservationProject/static/debug_toolbar/js/toolbar.js HTTP/1.1" 200 13188
[09/May/2020 16:58:05] "GET /admin/ HTTP/1.1" 200 20629
[09/May/2020 16:58:05] "GET /Users/dohyoungkim/Downloads/Reservation-search-app/Reservation-app/ReservationProject/static/debug_toolbar/css/print.css HTTP/1.1" 304 0
[09/May/2020 16:58:05] "GET /Users/dohyoungkim/Downloads/Reservation-search-app/Reservation-app/ReservationProject/static/admin/css/fonts.css HTTP/1.1" 304 0
[09/May/2020 16:58:05] "GET /Users/dohyoungkim/Downloads/Reservation-search-app/Reservation-app/ReservationProject/static/admin/img/icon-changelink.svg HTTP/1.1" 304 0
[09/May/2020 16:58:05] "GET /Users/dohyoungkim/Downloads/Reservation-search-app/Reservation-app/ReservationProject/static/admin/img/icon-addlink.svg HTTP/1.1" 304 0
[09/May/2020 16:58:05] "GET /Users/dohyoungkim/Downloads/Reservation-search-app/Reservation-app/ReservationProject/static/admin/fonts/Roboto-Regular-webfont.woff HTTP/1.1" 200 85876
[09/May/2020 16:58:05] "GET /Users/dohyoungkim/Downloads/Reservation-search-app/Reservation-app/ReservationProject/static/admin/fonts/Roboto-Light-webfont.woff HTTP/1.1" 200 85692
[09/May/2020 16:58:05] "GET /Users/dohyoungkim/Downloads/Reservation-search-app/Reservation-app/ReservationProject/static/admin/fonts/Roboto-Bold-webfont.woff HTTP/1.1" 200 86184
Not Found: /favicon.ico
[09/May/2020 16:58:05] "GET /favicon.ico HTTP/1.1" 404 12863
[09/May/2020 16:58:09] "GET /reservation/revstart/ HTTP/1.1" 200 13522
Not Found: /korean-air-img.png
[09/May/2020 16:58:10] "GET /korean-air-img.png HTTP/1.1" 404 12884
[09/May/2020 16:58:12] "GET /Users/dohyoungkim/Downloads/Reservation-search-app/Reservation-app/ReservationProject/static/debug_toolbar/img/djdt_vertical.png HTTP/1.1" 304 0
[09/May/2020 17:05:54] "GET /reservation/revstart/ HTTP/1.1" 200 13522
Not Found: /korean-air-img.png
[09/May/2020 17:05:54] "GET /korean-air-img.png HTTP/1.1" 404 12884
[09/May/2020 17:06:26] "GET /reservation/revstart/ HTTP/1.1" 302 0
Not Found: /accounts/login/
[09/May/2020 17:06:26] "GET /accounts/login/?next=/reservation/revstart/ HTTP/1.1" 404 12903
[09/May/2020 17:06:26] "GET /Users/dohyoungkim/Downloads/Reservation-search-app/Reservation-app/ReservationProject/static/debug_toolbar/css/toolbar.css HTTP/1.1" 200 14835
[09/May/2020 17:06:26] "GET /Users/dohyoungkim/Downloads/Reservation-search-app/Reservation-app/ReservationProject/static/debug_toolbar/js/toolbar.js HTTP/1.1" 200 13188
[09/May/2020 17:06:26] "GET /Users/dohyoungkim/Downloads/Reservation-search-app/Reservation-app/ReservationProject/static/debug_toolbar/img/ajax-loader.gif HTTP/1.1" 200 404
[09/May/2020 17:06:26] "GET /Users/dohyoungkim/Downloads/Reservation-search-app/Reservation-app/ReservationProject/static/debug_toolbar/css/print.css HTTP/1.1" 200 41
[09/May/2020 17:06:31] "GET /Users/dohyoungkim/Downloads/Reservation-search-app/Reservation-app/ReservationProject/static/debug_toolbar/img/djdt_vertical.png HTTP/1.1" 200 882
[09/May/2020 17:06:41] "GET /admin/ HTTP/1.1" 200 20629
[09/May/2020 17:06:42] "GET /admin/ HTTP/1.1" 200 20629
[09/May/2020 17:06:49] "GET /reservation/revstart/ HTTP/1.1" 200 13520
Not Found: /reseer
[09/May/2020 17:06:49] "GET /reseer HTTP/1.1" 404 12848
Not Found: /korean-air-img.png
[09/May/2020 17:06:52] "GET /korean-air-img.png HTTP/1.1" 404 12884
[09/May/2020 17:07:10] "GET /reservation/revstart/ HTTP/1.1" 302 0
Not Found: /accounts/login/
[09/May/2020 17:07:10] "GET /accounts/login/?next=/reservation/revstart/ HTTP/1.1" 404 12903
[09/May/2020 17:09:49] "GET /reservation/revstart/ HTTP/1.1" 200 13520
Not Found: /korean-air-img.png
[09/May/2020 17:09:49] "GET /korean-air-img.png HTTP/1.1" 404 12884
/Users/dohyoungkim/Downloads/Reservation-search-app/Reservation-app/ReservationProject/ReservationProject/settings.py changed, reloading.
Performing system checks...

System check identified no issues (0 silenced).
May 09, 2020 - 16:57:39
Django version 2.2.1, using settings 'ReservationProject.settings'
Starting development server at http://0:80/
Quit the server with CONTROL-C.
Watching for file changes with StatReloader
[09/May/2020 17:11:33] "GET /admin/ HTTP/1.1" 200 20629
[09/May/2020 17:11:35] "GET /admin/logout/ HTTP/1.1" 200 11978
[09/May/2020 17:11:42] "GET /reservation/revstart/ HTTP/1.1" 302 0
Not Found: /accounts/login/
[09/May/2020 17:11:42] "GET /accounts/login/?next=/reservation/revstart/ HTTP/1.1" 404 12903
/Users/dohyoungkim/Downloads/Reservation-search-app/Reservation-app/ReservationProject/ReservationProject/settings.py changed, reloading.
Performing system checks...

System check identified no issues (0 silenced).
May 09, 2020 - 17:11:27
Django version 2.2.1, using settings 'ReservationProject.settings'
Starting development server at http://0:80/
Quit the server with CONTROL-C.
Watching for file changes with StatReloader
/Users/dohyoungkim/Downloads/Reservation-search-app/Reservation-app/ReservationProject/ReservationApp/views.py changed, reloading.
Performing system checks...

System check identified no issues (0 silenced).
May 09, 2020 - 17:11:51
Django version 2.2.1, using settings 'ReservationProject.settings'
Starting development server at http://0:80/
Quit the server with CONTROL-C.
Watching for file changes with StatReloader
[09/May/2020 17:12:10] "GET /reservation/revstart/ HTTP/1.1" 200 13522
Not Found: /korean-air-img.png
[09/May/2020 17:12:10] "GET /korean-air-img.png HTTP/1.1" 404 12884
[09/May/2020 17:12:15] "GET /reservation/revstart/ HTTP/1.1" 200 13522
Not Found: /korean-air-img.png
[09/May/2020 17:12:15] "GET /korean-air-img.png HTTP/1.1" 404 12884
[09/May/2020 17:12:36] "GET /reservation/revstart/ HTTP/1.1" 200 13522
Not Found: /korean-air-img.png
[09/May/2020 17:12:36] "GET /korean-air-img.png HTTP/1.1" 404 12884
[09/May/2020 17:12:47] "GET /admin/ HTTP/1.1" 302 0
[09/May/2020 17:12:47] "GET /admin/login/?next=/admin/ HTTP/1.1" 200 12663
[09/May/2020 17:12:47] "GET /Users/dohyoungkim/Downloads/Reservation-search-app/Reservation-app/ReservationProject/static/admin/css/login.css HTTP/1.1" 304 0
[09/May/2020 17:12:49] "GET /admin/ HTTP/1.1" 302 0
[09/May/2020 17:12:49] "GET /admin/login/?next=/admin/ HTTP/1.1" 200 12663
[09/May/2020 17:12:53] "POST /admin/login/?next=/admin/ HTTP/1.1" 302 0
[09/May/2020 17:12:53] "GET /admin/ HTTP/1.1" 200 20627
[09/May/2020 17:12:54] "GET /admin/ReservationApp/flightsection/ HTTP/1.1" 200 21284
[09/May/2020 17:12:54] "GET /Users/dohyoungkim/Downloads/Reservation-search-app/Reservation-app/ReservationProject/static/admin/js/jquery.init.js HTTP/1.1" 304 0
[09/May/2020 17:12:54] "GET /Users/dohyoungkim/Downloads/Reservation-search-app/Reservation-app/ReservationProject/static/admin/css/changelists.css HTTP/1.1" 304 0
[09/May/2020 17:12:54] "GET /Users/dohyoungkim/Downloads/Reservation-search-app/Reservation-app/ReservationProject/static/admin/js/urlify.js HTTP/1.1" 304 0
[09/May/2020 17:12:54] "GET /Users/dohyoungkim/Downloads/Reservation-search-app/Reservation-app/ReservationProject/static/admin/js/admin/RelatedObjectLookups.js HTTP/1.1" 304 0
[09/May/2020 17:12:54] "GET /Users/dohyoungkim/Downloads/Reservation-search-app/Reservation-app/ReservationProject/static/admin/js/core.js HTTP/1.1" 304 0
[09/May/2020 17:12:54] "GET /Users/dohyoungkim/Downloads/Reservation-search-app/Reservation-app/ReservationProject/static/admin/js/prepopulate.js HTTP/1.1" 304 0
[09/May/2020 17:12:54] "GET /Users/dohyoungkim/Downloads/Reservation-search-app/Reservation-app/ReservationProject/static/admin/js/actions.js HTTP/1.1" 304 0
[09/May/2020 17:12:54] "GET /Users/dohyoungkim/Downloads/Reservation-search-app/Reservation-app/ReservationProject/static/admin/js/vendor/xregexp/xregexp.js HTTP/1.1" 200 128820
[09/May/2020 17:12:54] "GET /Users/dohyoungkim/Downloads/Reservation-search-app/Reservation-app/ReservationProject/static/admin/js/vendor/jquery/jquery.js HTTP/1.1" 200 271751
[09/May/2020 17:12:54] "GET /admin/jsi18n/ HTTP/1.1" 200 3223
[09/May/2020 17:12:54] "GET /Users/dohyoungkim/Downloads/Reservation-search-app/Reservation-app/ReservationProject/static/admin/img/tooltag-add.svg HTTP/1.1" 304 0
[09/May/2020 17:13:17] "GET /reservation/course_search/?csrfmiddlewaretoken=Xea50jWdZEtMdkx1yAqXxJVDSXCp8SuLiGWJvbKpxhuXzKpt9u1QglDrmHgliFW4&daytogo=2020-05-05&comingDay=2020-05-05&starting_point=%EC%A7%84%EC%A3%BC%2F%EC%82%AC%EC%B2%9C&arrival=%EC%97%AC%EC%88%98%2F%EC%88%9C%EC%B2%9C HTTP/1.1" 200 970
/Library/Frameworks/Python.framework/Versions/3.8/lib/python3.8/site-packages/django/template/defaulttags.py:62: UserWarning: A {% csrf_token %} was used in a template, but the context did not provide the value.  This is usually caused by not using RequestContext.
  warnings.warn(
[09/May/2020 17:13:29] "POST /reservation/payment/ HTTP/1.1" 200 696
/Users/dohyoungkim/Downloads/Reservation-search-app/Reservation-app/ReservationProject/ReservationApp/views.py changed, reloading.
Performing system checks...

System check identified no issues (0 silenced).
May 09, 2020 - 17:12:05
Django version 2.2.1, using settings 'ReservationProject.settings'
Starting development server at http://0:80/
Quit the server with CONTROL-C.
진주/사천
여수/순천
2020-05-05
2020-05-05
=======console_msg======
flightSection object (10)
10
진주/사천
여수/순천
2020-05-05
2020-05-05
Watching for file changes with StatReloader
/Users/dohyoungkim/Downloads/Reservation-search-app/Reservation-app/ReservationProject/ReservationApp/forms.py changed, reloading.
Performing system checks...

System check identified no issues (0 silenced).
May 09, 2020 - 17:14:05
Django version 2.2.1, using settings 'ReservationProject.settings'
Starting development server at http://0:80/
Quit the server with CONTROL-C.
Watching for file changes with StatReloader
/Users/dohyoungkim/Downloads/Reservation-search-app/Reservation-app/ReservationProject/ReservationApp/forms.py changed, reloading.
Performing system checks...

System check identified no issues (0 silenced).
May 09, 2020 - 18:07:55
Django version 2.2.1, using settings 'ReservationProject.settings'
Starting development server at http://0:80/
Quit the server with CONTROL-C.
Watching for file changes with StatReloader
Exception in thread django-main-thread:
Traceback (most recent call last):
  File "/Library/Frameworks/Python.framework/Versions/3.8/lib/python3.8/threading.py", line 932, in _bootstrap_inner
    self.run()
  File "/Library/Frameworks/Python.framework/Versions/3.8/lib/python3.8/threading.py", line 870, in run
    self._target(*self._args, **self._kwargs)
  File "/Library/Frameworks/Python.framework/Versions/3.8/lib/python3.8/site-packages/django/utils/autoreload.py", line 54, in wrapper
    fn(*args, **kwargs)
  File "/Library/Frameworks/Python.framework/Versions/3.8/lib/python3.8/site-packages/django/core/management/commands/runserver.py", line 117, in inner_run
    self.check(display_num_errors=True)
  File "/Library/Frameworks/Python.framework/Versions/3.8/lib/python3.8/site-packages/django/core/management/base.py", line 387, in check
    all_issues = self._run_checks(
  File "/Library/Frameworks/Python.framework/Versions/3.8/lib/python3.8/site-packages/django/core/management/base.py", line 377, in _run_checks
    return checks.run_checks(**kwargs)
  File "/Library/Frameworks/Python.framework/Versions/3.8/lib/python3.8/site-packages/django/core/checks/registry.py", line 72, in run_checks
    new_errors = check(app_configs=app_configs)
  File "/Library/Frameworks/Python.framework/Versions/3.8/lib/python3.8/site-packages/django/core/checks/urls.py", line 40, in check_url_namespaces_unique
    all_namespaces = _load_all_namespaces(resolver)
  File "/Library/Frameworks/Python.framework/Versions/3.8/lib/python3.8/site-packages/django/core/checks/urls.py", line 57, in _load_all_namespaces
    url_patterns = getattr(resolver, 'url_patterns', [])
  File "/Library/Frameworks/Python.framework/Versions/3.8/lib/python3.8/site-packages/django/utils/functional.py", line 80, in __get__
    res = instance.__dict__[self.name] = self.func(instance)
  File "/Library/Frameworks/Python.framework/Versions/3.8/lib/python3.8/site-packages/django/urls/resolvers.py", line 579, in url_patterns
    patterns = getattr(self.urlconf_module, "urlpatterns", self.urlconf_module)
  File "/Library/Frameworks/Python.framework/Versions/3.8/lib/python3.8/site-packages/django/utils/functional.py", line 80, in __get__
    res = instance.__dict__[self.name] = self.func(instance)
  File "/Library/Frameworks/Python.framework/Versions/3.8/lib/python3.8/site-packages/django/urls/resolvers.py", line 572, in urlconf_module
    return import_module(self.urlconf_name)
  File "/Library/Frameworks/Python.framework/Versions/3.8/lib/python3.8/importlib/__init__.py", line 127, in import_module
    return _bootstrap._gcd_import(name[level:], package, level)
  File "<frozen importlib._bootstrap>", line 1014, in _gcd_import
  File "<frozen importlib._bootstrap>", line 991, in _find_and_load
  File "<frozen importlib._bootstrap>", line 975, in _find_and_load_unlocked
  File "<frozen importlib._bootstrap>", line 671, in _load_unlocked
  File "<frozen importlib._bootstrap_external>", line 783, in exec_module
  File "<frozen importlib._bootstrap>", line 219, in _call_with_frames_removed
  File "/Users/dohyoungkim/Downloads/Reservation-search-app/Reservation-app/ReservationProject/ReservationProject/urls.py", line 25, in <module>
    path('reservation/', include('ReservationApp.urls')),
  File "/Library/Frameworks/Python.framework/Versions/3.8/lib/python3.8/site-packages/django/urls/conf.py", line 34, in include
    urlconf_module = import_module(urlconf_module)
  File "/Library/Frameworks/Python.framework/Versions/3.8/lib/python3.8/importlib/__init__.py", line 127, in import_module
    return _bootstrap._gcd_import(name[level:], package, level)
  File "<frozen importlib._bootstrap>", line 1014, in _gcd_import
  File "<frozen importlib._bootstrap>", line 991, in _find_and_load
  File "<frozen importlib._bootstrap>", line 975, in _find_and_load_unlocked
  File "<frozen importlib._bootstrap>", line 671, in _load_unlocked
  File "<frozen importlib._bootstrap_external>", line 783, in exec_module
  File "<frozen importlib._bootstrap>", line 219, in _call_with_frames_removed
  File "/Users/dohyoungkim/Downloads/Reservation-search-app/Reservation-app/ReservationProject/ReservationApp/urls.py", line 3, in <module>
    from .views import revstart, eticket_resend, index, course_search, payment, date_search_result, date_search, intro
  File "/Users/dohyoungkim/Downloads/Reservation-search-app/Reservation-app/ReservationProject/ReservationApp/views.py", line 3, in <module>
    from .forms import reservationForm, datesearchForm
  File "/Users/dohyoungkim/Downloads/Reservation-search-app/Reservation-app/ReservationProject/ReservationApp/forms.py", line 14, in <module>
    class reservationForm(forms.ModelForm):
  File "/Users/dohyoungkim/Downloads/Reservation-search-app/Reservation-app/ReservationProject/ReservationApp/forms.py", line 57, in reservationForm
    starting_point = forms.ChoiceField(label='출발지', choices=STARTINGPOINT, placeholder='김포/부신/제주')
  File "/Library/Frameworks/Python.framework/Versions/3.8/lib/python3.8/site-packages/django/forms/fields.py", line 766, in __init__
    super().__init__(**kwargs)
TypeError: __init__() got an unexpected keyword argument 'placeholder'
Watching for file changes with StatReloader
[09/May/2020 18:35:58] "GET /reservation/revstart/ HTTP/1.1" 200 13586
Not Found: /korean-air-img.png
[09/May/2020 18:35:58] "GET /korean-air-img.png HTTP/1.1" 404 12884
[09/May/2020 18:36:07] "GET /reservation/course_search/?csrfmiddlewaretoken=zhIzVCwIgHfVX33NY4mSV5djYyAavVKVUJudqukUOkg6jtVfzYXLEHV7sie6FIce&daytogo=2020-05-09&comingDay=2020-05-09&starting_point=%EA%B9%80%ED%8F%AC&arrival=%EB%B6%80%EC%82%B0 HTTP/1.1" 200 12225
Not Found: /korean-air-img.png
[09/May/2020 18:36:07] "GET /korean-air-img.png HTTP/1.1" 404 12884
[09/May/2020 18:36:10] "GET /reservation/revstart/ HTTP/1.1" 200 13586
Not Found: /korean-air-img.png
[09/May/2020 18:36:10] "GET /korean-air-img.png HTTP/1.1" 404 12884
[09/May/2020 18:42:36] "GET /reservation/revstart/ HTTP/1.1" 200 13586
Not Found: /korean-air-img.png
[09/May/2020 18:42:36] "GET /korean-air-img.png HTTP/1.1" 404 12884
/Users/dohyoungkim/Downloads/Reservation-search-app/Reservation-app/ReservationProject/ReservationApp/forms.py changed, reloading.
Performing system checks...

System check identified no issues (0 silenced).
May 09, 2020 - 18:35:53
Django version 2.2.1, using settings 'ReservationProject.settings'
Starting development server at http://0:80/
Quit the server with CONTROL-C.
Watching for file changes with StatReloader
/Users/dohyoungkim/Downloads/Reservation-search-app/Reservation-app/ReservationProject/ReservationApp/forms.py changed, reloading.
Performing system checks...

System check identified no issues (0 silenced).
May 09, 2020 - 18:43:45
Django version 2.2.1, using settings 'ReservationProject.settings'
Starting development server at http://0:80/
Quit the server with CONTROL-C.
Watching for file changes with StatReloader
[09/May/2020 18:44:10] "GET /reservation/revstart/ HTTP/1.1" 200 13592
Not Found: /korean-air-img.png
[09/May/2020 18:44:11] "GET /korean-air-img.png HTTP/1.1" 404 12884
[09/May/2020 18:44:31] "GET /reservation/revstart/ HTTP/1.1" 200 13566
Not Found: /korean-air-img.png
[09/May/2020 18:44:31] "GET /korean-air-img.png HTTP/1.1" 404 12884
[09/May/2020 18:45:24] "GET /reservation/revstart/ HTTP/1.1" 200 13585
Not Found: /korean-air-img.png
[09/May/2020 18:45:24] "GET /korean-air-img.png HTTP/1.1" 404 12884
[09/May/2020 18:45:56] "GET /reservation/revstart/ HTTP/1.1" 200 13607
Not Found: /korean-air-img.png
[09/May/2020 18:45:56] "GET /korean-air-img.png HTTP/1.1" 404 12884
[09/May/2020 18:45:58] "GET /reservation/revstart/ HTTP/1.1" 200 13607
Not Found: /korean-air-img.png
[09/May/2020 18:45:58] "GET /korean-air-img.png HTTP/1.1" 404 12884
[09/May/2020 18:46:11] "GET /reservation/revstart/ HTTP/1.1" 200 13608
Not Found: /korean-air-img.png
[09/May/2020 18:46:11] "GET /korean-air-img.png HTTP/1.1" 404 12884
[09/May/2020 18:46:26] "GET /reservation/revstart/ HTTP/1.1" 200 13617
Not Found: /korean-air-img.png
[09/May/2020 18:46:26] "GET /korean-air-img.png HTTP/1.1" 404 12884
[09/May/2020 18:46:44] "GET /reservation/revstart/ HTTP/1.1" 200 13611
Not Found: /korean-air-img.png
[09/May/2020 18:46:44] "GET /korean-air-img.png HTTP/1.1" 404 12884
[09/May/2020 18:47:05] "GET /reservation/revstart/ HTTP/1.1" 200 13330
Not Found: /korean-air-img.png
[09/May/2020 18:47:05] "GET /korean-air-img.png HTTP/1.1" 404 12884
[09/May/2020 18:48:05] "GET /reservation/revstart/ HTTP/1.1" 200 13336
Not Found: /korean-air-img.png
[09/May/2020 18:48:05] "GET /korean-air-img.png HTTP/1.1" 404 12884
[09/May/2020 18:48:18] "GET /reservation/revstart/ HTTP/1.1" 200 13329
Not Found: /korean-air-img.png
[09/May/2020 18:48:18] "GET /korean-air-img.png HTTP/1.1" 404 12884
[09/May/2020 18:48:55] "GET /reservation/revstart/ HTTP/1.1" 200 13403
Not Found: /korean-air-img.png
[09/May/2020 18:48:55] "GET /korean-air-img.png HTTP/1.1" 404 12884
[09/May/2020 18:49:22] "GET /reservation/revstart/ HTTP/1.1" 200 13402
Not Found: /korean-air-img.png
[09/May/2020 18:49:22] "GET /korean-air-img.png HTTP/1.1" 404 12884
[09/May/2020 18:49:32] "GET /reservation/revstart/ HTTP/1.1" 200 13403
Not Found: /korean-air-img.png
[09/May/2020 18:49:32] "GET /korean-air-img.png HTTP/1.1" 404 12884
[09/May/2020 18:49:40] "GET /reservation/revstart/ HTTP/1.1" 200 13403
Not Found: /korean-air-img.png
[09/May/2020 18:49:40] "GET /korean-air-img.png HTTP/1.1" 404 12884
[09/May/2020 18:50:23] "GET /reservation/revstart/ HTTP/1.1" 200 13403
Not Found: /korean-air-img.png
[09/May/2020 18:50:23] "GET /korean-air-img.png HTTP/1.1" 404 12884
[09/May/2020 18:50:38] "GET /reservation/revstart/ HTTP/1.1" 200 13403
Not Found: /korean-air-img.png
[09/May/2020 18:50:38] "GET /korean-air-img.png HTTP/1.1" 404 12884
[09/May/2020 18:50:39] "GET /reservation/revstart/ HTTP/1.1" 200 13403
Not Found: /korean-air-img.png
[09/May/2020 18:50:40] "GET /korean-air-img.png HTTP/1.1" 404 12884
[09/May/2020 18:51:18] "GET /reservation/revstart/ HTTP/1.1" 200 13402
Not Found: /korean-air-img.png
[09/May/2020 18:51:18] "GET /korean-air-img.png HTTP/1.1" 404 12884
[09/May/2020 18:51:20] "GET /reservation/revstart/ HTTP/1.1" 200 13402
Not Found: /korean-air-img.png
[09/May/2020 18:51:20] "GET /korean-air-img.png HTTP/1.1" 404 12884
[09/May/2020 18:51:32] "GET /reservation/revstart/ HTTP/1.1" 200 13403
Not Found: /korean-air-img.png
[09/May/2020 18:51:32] "GET /korean-air-img.png HTTP/1.1" 404 12884
[09/May/2020 18:51:43] "GET /reservation/revstart/ HTTP/1.1" 200 13405
Not Found: /korean-air-img.png
[09/May/2020 18:51:43] "GET /korean-air-img.png HTTP/1.1" 404 12884
[09/May/2020 18:52:13] "GET /reservation/revstart/ HTTP/1.1" 200 13405
Not Found: /korean-air-img.png
[09/May/2020 18:52:13] "GET /korean-air-img.png HTTP/1.1" 404 12884
[09/May/2020 18:52:23] "GET /reservation/revstart/ HTTP/1.1" 200 13405
Not Found: /korean-air-img.png
[09/May/2020 18:52:23] "GET /korean-air-img.png HTTP/1.1" 404 12884
[09/May/2020 18:53:30] "GET /reservation/revstart/ HTTP/1.1" 200 13426
Not Found: /korean-air-img.png
[09/May/2020 18:53:30] "GET /korean-air-img.png HTTP/1.1" 404 12884
[09/May/2020 18:53:57] "GET /reservation/revstart/ HTTP/1.1" 200 13302
Not Found: /korean-air-img.png
[09/May/2020 18:53:57] "GET /korean-air-img.png HTTP/1.1" 404 12884
[09/May/2020 18:54:17] "GET /reservation/revstart/ HTTP/1.1" 200 13416
Not Found: /korean-air-img.png
[09/May/2020 18:54:17] "GET /korean-air-img.png HTTP/1.1" 404 12884
[09/May/2020 18:54:38] "GET /reservation/revstart/ HTTP/1.1" 200 13369
Not Found: /korean-air-img.png
[09/May/2020 18:54:38] "GET /korean-air-img.png HTTP/1.1" 404 12884
[09/May/2020 18:55:28] "GET /reservation/revstart/ HTTP/1.1" 200 13403
Not Found: /korean-air-img.png
[09/May/2020 18:55:28] "GET /korean-air-img.png HTTP/1.1" 404 12884
[09/May/2020 18:55:54] "GET /reservation/revstart/ HTTP/1.1" 200 13404
Not Found: /korean-air-img.png
[09/May/2020 18:55:54] "GET /korean-air-img.png HTTP/1.1" 404 12884
[09/May/2020 18:56:06] "GET /reservation/revstart/ HTTP/1.1" 200 13407
Not Found: /korean-air-img.png
[09/May/2020 18:56:06] "GET /korean-air-img.png HTTP/1.1" 404 12884
[09/May/2020 18:56:23] "GET /reservation/revstart/ HTTP/1.1" 200 13403
Not Found: /korean-air-img.png
[09/May/2020 18:56:23] "GET /korean-air-img.png HTTP/1.1" 404 12884
[09/May/2020 18:56:41] "GET /reservation/revstart/ HTTP/1.1" 200 13423
Not Found: /korean-air-img.png
[09/May/2020 18:56:41] "GET /korean-air-img.png HTTP/1.1" 404 12884
[09/May/2020 18:56:51] "GET /reservation/revstart/ HTTP/1.1" 200 13422
Not Found: /korean-air-img.png
[09/May/2020 18:56:51] "GET /korean-air-img.png HTTP/1.1" 404 12884
[09/May/2020 18:57:08] "GET /reservation/revstart/ HTTP/1.1" 200 13421
Not Found: /korean-air-img.png
[09/May/2020 18:57:08] "GET /korean-air-img.png HTTP/1.1" 404 12884
[09/May/2020 18:57:21] "GET /reservation/revstart/ HTTP/1.1" 200 13422
Not Found: /korean-air-img.png
[09/May/2020 18:57:21] "GET /korean-air-img.png HTTP/1.1" 404 12884
[09/May/2020 18:57:33] "GET /reservation/revstart/ HTTP/1.1" 200 13423
Not Found: /korean-air-img.png
[09/May/2020 18:57:33] "GET /korean-air-img.png HTTP/1.1" 404 12884
[09/May/2020 18:57:49] "GET /reservation/revstart/ HTTP/1.1" 200 13421
Not Found: /korean-air-img.png
[09/May/2020 18:57:50] "GET /korean-air-img.png HTTP/1.1" 404 12884
[09/May/2020 18:58:01] "GET /reservation/revstart/ HTTP/1.1" 200 13421
Not Found: /korean-air-img.png
[09/May/2020 18:58:01] "GET /korean-air-img.png HTTP/1.1" 404 12884
[09/May/2020 18:58:11] "GET /reservation/revstart/ HTTP/1.1" 200 13422
Not Found: /korean-air-img.png
[09/May/2020 18:58:11] "GET /korean-air-img.png HTTP/1.1" 404 12884
[09/May/2020 18:58:18] "GET /reservation/revstart/ HTTP/1.1" 200 13422
Not Found: /korean-air-img.png
[09/May/2020 18:58:18] "GET /korean-air-img.png HTTP/1.1" 404 12884
[09/May/2020 18:58:59] "GET /reservation/revstart/ HTTP/1.1" 200 13424
Not Found: /korean-air-img.png
[09/May/2020 18:58:59] "GET /korean-air-img.png HTTP/1.1" 404 12884
[09/May/2020 18:59:18] "GET /reservation/revstart/ HTTP/1.1" 200 13424
Not Found: /korean-air-img.png
[09/May/2020 18:59:18] "GET /korean-air-img.png HTTP/1.1" 404 12884
[09/May/2020 18:59:32] "GET /reservation/revstart/ HTTP/1.1" 200 13424
Not Found: /korean-air-img.png
[09/May/2020 18:59:32] "GET /korean-air-img.png HTTP/1.1" 404 12884
[09/May/2020 18:59:47] "GET /reservation/revstart/ HTTP/1.1" 200 13424
Not Found: /korean-air-img.png
[09/May/2020 18:59:47] "GET /korean-air-img.png HTTP/1.1" 404 12884
[09/May/2020 18:59:56] "GET /reservation/revstart/ HTTP/1.1" 200 13424
Not Found: /korean-air-img.png
[09/May/2020 18:59:56] "GET /korean-air-img.png HTTP/1.1" 404 12884
[09/May/2020 19:00:56] "GET /reservation/revstart/ HTTP/1.1" 200 13422
Not Found: /korean-air-img.png
[09/May/2020 19:00:56] "GET /korean-air-img.png HTTP/1.1" 404 12884
[09/May/2020 19:00:58] "GET /reservation/revstart/ HTTP/1.1" 200 13422
Not Found: /korean-air-img.png
[09/May/2020 19:00:58] "GET /korean-air-img.png HTTP/1.1" 404 12884
[09/May/2020 19:01:08] "GET /reservation/revstart/ HTTP/1.1" 200 13422
[09/May/2020 19:01:08] "GET /Users/dohyoungkim/Downloads/Reservation-search-app/Reservation-app/ReservationProject/static/debug_toolbar/css/print.css HTTP/1.1" 200 41
[09/May/2020 19:01:08] "GET /Users/dohyoungkim/Downloads/Reservation-search-app/Reservation-app/ReservationProject/static/debug_toolbar/css/toolbar.css HTTP/1.1" 200 14835
[09/May/2020 19:01:08] "GET /Users/dohyoungkim/Downloads/Reservation-search-app/Reservation-app/ReservationProject/static/debug_toolbar/js/toolbar.js HTTP/1.1" 200 13188
[09/May/2020 19:01:08] "GET /Users/dohyoungkim/Downloads/Reservation-search-app/Reservation-app/ReservationProject/static/debug_toolbar/img/ajax-loader.gif HTTP/1.1" 200 404
Not Found: /korean-air-img.png
[09/May/2020 19:01:08] "GET /korean-air-img.png HTTP/1.1" 404 12884
Not Found: /apple-touch-icon-precomposed.png
[09/May/2020 19:01:08] "GET /apple-touch-icon-precomposed.png HTTP/1.1" 404 12926
Not Found: /apple-touch-icon.png
[09/May/2020 19:01:08] "GET /apple-touch-icon.png HTTP/1.1" 404 12890
[09/May/2020 19:01:11] "GET /Users/dohyoungkim/Downloads/Reservation-search-app/Reservation-app/ReservationProject/static/debug_toolbar/img/djdt_vertical.png HTTP/1.1" 200 882
[09/May/2020 19:32:57] "GET /reservation/revstart/ HTTP/1.1" 200 13424
Not Found: /korean-air-img.png
[09/May/2020 19:32:57] "GET /korean-air-img.png HTTP/1.1" 404 12884
[10/May/2020 13:42:28] "GET /reservation/revstart/ HTTP/1.1" 200 13424
[10/May/2020 13:42:28] "GET /Users/dohyoungkim/Downloads/Reservation-search-app/Reservation-app/ReservationProject/static/debug_toolbar/css/toolbar.css HTTP/1.1" 200 14835
[10/May/2020 13:42:28] "GET /Users/dohyoungkim/Downloads/Reservation-search-app/Reservation-app/ReservationProject/static/debug_toolbar/img/ajax-loader.gif HTTP/1.1" 200 404
[10/May/2020 13:42:28] "GET /Users/dohyoungkim/Downloads/Reservation-search-app/Reservation-app/ReservationProject/static/debug_toolbar/js/toolbar.js HTTP/1.1" 200 13188
[10/May/2020 13:42:28] "GET /Users/dohyoungkim/Downloads/Reservation-search-app/Reservation-app/ReservationProject/static/debug_toolbar/css/print.css HTTP/1.1" 200 41
Not Found: /korean-air-img.png
[10/May/2020 13:42:28] "GET /korean-air-img.png HTTP/1.1" 404 12884
[10/May/2020 13:42:31] "GET /Users/dohyoungkim/Downloads/Reservation-search-app/Reservation-app/ReservationProject/static/debug_toolbar/img/djdt_vertical.png HTTP/1.1" 200 882
Unknown command: 'runserverr'. Did you mean runserver?
Type 'manage.py help' for usage.
[10/May/2020 19:08:00] "GET /reservation/revstart/ HTTP/1.1" 200 13424
Not Found: /korean-air-img.png
[10/May/2020 19:08:00] "GET /korean-air-img.png HTTP/1.1" 404 12884
[10/May/2020 19:09:04] "GET /reservation/revstart/ HTTP/1.1" 200 13557
Not Found: /korean-air-img.png
[10/May/2020 19:09:05] "GET /korean-air-img.png HTTP/1.1" 404 12884
[10/May/2020 19:09:17] "GET /reservation/revstart/ HTTP/1.1" 200 13557
Not Found: /korean-air-img.png
[10/May/2020 19:09:17] "GET /korean-air-img.png HTTP/1.1" 404 12884
[10/May/2020 19:09:29] "GET /reservation/revstart/ HTTP/1.1" 200 13557
Not Found: /korean-air-img.png
[10/May/2020 19:09:30] "GET /korean-air-img.png HTTP/1.1" 404 12884
[10/May/2020 19:09:48] "GET /reservation/revstart/ HTTP/1.1" 200 13557
Not Found: /korean-air-img.png
[10/May/2020 19:09:48] "GET /korean-air-img.png HTTP/1.1" 404 12884
[10/May/2020 19:09:57] "GET /reservation/revstart/ HTTP/1.1" 200 13557
Not Found: /korean-air-img.png
[10/May/2020 19:09:57] "GET /korean-air-img.png HTTP/1.1" 404 12884
[10/May/2020 19:10:09] "GET /reservation/revstart/ HTTP/1.1" 200 13557
Not Found: /korean-air-img.png
[10/May/2020 19:10:09] "GET /korean-air-img.png HTTP/1.1" 404 12884
[10/May/2020 19:10:24] "GET /reservation/revstart/ HTTP/1.1" 200 13557
Not Found: /korean-air-img.png
[10/May/2020 19:10:24] "GET /korean-air-img.png HTTP/1.1" 404 12884
[10/May/2020 19:10:57] "GET /reservation/revstart/ HTTP/1.1" 200 13557
Not Found: /korean-air-img.png
[10/May/2020 19:10:57] "GET /korean-air-img.png HTTP/1.1" 404 12884
[10/May/2020 19:11:55] "GET /reservation/revstart/ HTTP/1.1" 200 13564
Not Found: /korean-air-img.png
[10/May/2020 19:11:55] "GET /korean-air-img.png HTTP/1.1" 404 12884
[10/May/2020 19:12:08] "GET /reservation/revstart/ HTTP/1.1" 200 13431
Not Found: /korean-air-img.png
[10/May/2020 19:12:08] "GET /korean-air-img.png HTTP/1.1" 404 12884
[10/May/2020 19:13:18] "GET /reservation/revstart/ HTTP/1.1" 200 13431
Not Found: /korean-air-img.png
[10/May/2020 19:13:18] "GET /korean-air-img.png HTTP/1.1" 404 12884
[10/May/2020 19:13:22] "GET /reservation/revstart/ HTTP/1.1" 200 13431
Not Found: /korean-air-img.png
[10/May/2020 19:13:22] "GET /korean-air-img.png HTTP/1.1" 404 12884
[10/May/2020 19:13:57] "GET /reservation/revstart/ HTTP/1.1" 200 13564
Not Found: /korean-air-img.png
[10/May/2020 19:13:57] "GET /korean-air-img.png HTTP/1.1" 404 12884
[10/May/2020 19:16:02] "GET /reservation/revstart/ HTTP/1.1" 200 13583
Not Found: /korean-air-img.png
[10/May/2020 19:16:02] "GET /korean-air-img.png HTTP/1.1" 404 12884
[10/May/2020 19:16:03] "GET /auth/register/ HTTP/1.1" 200 4095
[10/May/2020 19:18:59] "GET /auth/register/ HTTP/1.1" 200 4190
[10/May/2020 19:19:02] "GET /reservation/revstart/ HTTP/1.1" 200 13583
Not Found: /korean-air-img.png
[10/May/2020 19:19:02] "GET /korean-air-img.png HTTP/1.1" 404 12884
[10/May/2020 19:20:39] "GET /reservation/revstart/ HTTP/1.1" 200 13583
[10/May/2020 19:20:39] "GET /Users/dohyoungkim/Downloads/Reservation-search-app/Reservation-app/ReservationProject/static/debug_toolbar/css/print.css HTTP/1.1" 200 41
[10/May/2020 19:20:39] "GET /Users/dohyoungkim/Downloads/Reservation-search-app/Reservation-app/ReservationProject/static/debug_toolbar/js/toolbar.js HTTP/1.1" 200 13188
[10/May/2020 19:20:39] "GET /Users/dohyoungkim/Downloads/Reservation-search-app/Reservation-app/ReservationProject/static/debug_toolbar/img/ajax-loader.gif HTTP/1.1" 200 404
[10/May/2020 19:20:39] "GET /Users/dohyoungkim/Downloads/Reservation-search-app/Reservation-app/ReservationProject/static/debug_toolbar/css/toolbar.css HTTP/1.1" 200 14835
Not Found: /korean-air-img.png
[10/May/2020 19:20:39] "GET /korean-air-img.png HTTP/1.1" 404 12884
[10/May/2020 19:20:41] "GET /Users/dohyoungkim/Downloads/Reservation-search-app/Reservation-app/ReservationProject/static/debug_toolbar/img/djdt_vertical.png HTTP/1.1" 200 882
[10/May/2020 19:24:15] "GET /reservation/revstart/ HTTP/1.1" 200 13583
Not Found: /reservation/revstart/{ static 'korean-air-img.png' %}
[10/May/2020 19:24:15] "GET /reservation/revstart/%7B%20static%20'korean-air-img.png'%20%%7D HTTP/1.1" 404 14421
/Users/dohyoungkim/Downloads/Reservation-search-app/Reservation-app/ReservationProject/ReservationProject/settings.py changed, reloading.
Performing system checks...

System check identified no issues (0 silenced).
May 09, 2020 - 18:43:48
Django version 2.2.1, using settings 'ReservationProject.settings'
Starting development server at http://0:80/
Quit the server with CONTROL-C.
/Users/dohyoungkim/Downloads/Reservation-search-app/Reservation-app/ReservationProject/ReservationProject/settings.py changed, reloading.
Performing system checks...

Watching for file changes with StatReloader
Watching for file changes with StatReloader
Watching for file changes with StatReloader
/Users/dohyoungkim/Downloads/Reservation-search-app/Reservation-app/ReservationProject/ReservationProject/settings.py changed, reloading.
Performing system checks...

System check identified no issues (0 silenced).
May 10, 2020 - 19:27:16
Django version 2.2.1, using settings 'ReservationProject.settings'
Starting development server at http://0:80/
Quit the server with CONTROL-C.
/Users/dohyoungkim/Downloads/Reservation-search-app/Reservation-app/ReservationProject/ReservationProject/settings.py changed, reloading.
Performing system checks...

System check identified no issues (0 silenced).
May 10, 2020 - 19:27:51
Django version 2.2.1, using settings 'ReservationProject.settings'
Starting development server at http://0:8000/
Quit the server with CONTROL-C.
Watching for file changes with StatReloader
Watching for file changes with StatReloader
[10/May/2020 19:31:06] "GET /reservation/revstart/ HTTP/1.1" 200 13583
Not Found: /korean-air-img.png
[10/May/2020 19:31:06] "GET /korean-air-img.png HTTP/1.1" 404 12884
[10/May/2020 19:33:02] "GET /reservation/revstart/ HTTP/1.1" 200 13573
Not Found: /korean-air-img.png
[10/May/2020 19:33:02] "GET /korean-air-img.png HTTP/1.1" 404 12884
[10/May/2020 19:33:59] "GET /reservation/revstart/ HTTP/1.1" 200 13666
[10/May/2020 19:33:59] "GET /Users/dohyoungkim/Downloads/Reservation-search-app/Reservation-app/ReservationProject/static/korean-air-img.png HTTP/1.1" 200 1099350
[10/May/2020 19:34:26] "GET /reservation/revstart/ HTTP/1.1" 200 13673
[10/May/2020 19:35:54] "GET /reservation/revstart/ HTTP/1.1" 200 13608
[10/May/2020 19:35:59] "GET /auth/register/ HTTP/1.1" 200 4190
[10/May/2020 19:36:01] "GET /reservation/revstart/ HTTP/1.1" 200 13608
